2020-12-03 22:55:08 [scrapy] DEBUG: Crawled (200) <GET https://thatsthem.com/email/kabmoua15@hotmail.com> (referer: None)
2020-12-03 22:55:08 [scrapy] DEBUG: Scraped from <200 https://thatsthem.com/email/kabmoua15@hotmail.com>
{'name': 'Ka Moua', 'birthday': 'none', 'currentTown': 'none', 'address': '914-Beech-St-B-Saint-Paul-MN-55106', 'gender': 'none', 'relationshipStatus': 'none', 'phoneNum': '', 'zip': '914-Beech-St-B-Saint-Paul-MN-55106', 'hometown': '914-Beech-St-B-Saint-Paul-MN-55106', 'jobDetails': 'none', 'interests': 'none', 'religiousViews': 'none', 'politicalViews': 'none'}
2020-12-03 22:55:08 [scrapy] INFO: Closing spider (finished)
2020-12-03 22:55:08 [scrapy] INFO: Dumping Scrapy stats:
{'downloader/request_bytes': 315,
 'downloader/request_count': 1,
 'downloader/request_method_count/GET': 1,
 'downloader/response_bytes': 4056,
 'downloader/response_count': 1,
 'downloader/response_status_count/200': 1,
 'elapsed_time_seconds': 0.408039,
 'finish_reason': 'finished',
 'finish_time': datetime.datetime(2020, 12, 4, 5, 55, 8, 252251),
 'item_scraped_count': 1,
 'log_count/DEBUG': 2,
 'log_count/INFO': 7,
 'response_received_count': 1,
 'scheduler/dequeued': 1,
 'scheduler/dequeued/memory': 1,
 'scheduler/enqueued': 1,
 'scheduler/enqueued/memory': 1,
 'start_time': datetime.datetime(2020, 12, 4, 5, 55, 7, 844212)}
2020-12-03 22:55:08 [scrapy] INFO: Spider closed (finished)
