2020-12-01 12:32:11 [scrapy] DEBUG: Crawled (200) <GET https://thatsthem.com/email/crockett@wheatstate.com> (referer: None)
2020-12-01 12:32:11 [scrapy] DEBUG: Scraped from <200 https://thatsthem.com/email/crockett@wheatstate.com>
{'name': 'Larry Crockett', 'birthday': '55-64', 'currentTown': 'none', 'address': '7186-Renee-Ct-Udall-KS-67146', 'gender': 'none', 'relationshipStatus': 'none', 'phoneNum': '651-303-0841', 'zip': '7186-Renee-Ct-Udall-KS-67146', 'hometown': '7186-Renee-Ct-Udall-KS-67146', 'jobDetails': 'none', 'interests': 'none', 'religiousViews': 'none', 'politicalViews': 'none'}
2020-12-01 12:32:11 [scrapy] DEBUG: Scraped from <200 https://thatsthem.com/email/crockett@wheatstate.com>
{'name': 'Larry Udall', 'birthday': 'none', 'currentTown': 'none', 'address': '7186-Renee-Ct-Udall-KS-67146', 'gender': 'none', 'relationshipStatus': 'none', 'phoneNum': '620-782-3866', 'zip': '7186-Renee-Ct-Udall-KS-67146', 'hometown': '7186-Renee-Ct-Udall-KS-67146', 'jobDetails': 'none', 'interests': 'none', 'religiousViews': 'none', 'politicalViews': 'none'}
2020-12-01 12:32:11 [scrapy] INFO: Closing spider (finished)
2020-12-01 12:32:11 [scrapy] INFO: Dumping Scrapy stats:
{'downloader/request_bytes': 317,
 'downloader/request_count': 1,
 'downloader/request_method_count/GET': 1,
 'downloader/response_bytes': 4285,
 'downloader/response_count': 1,
 'downloader/response_status_count/200': 1,
 'elapsed_time_seconds': 0.489203,
 'finish_reason': 'finished',
 'finish_time': datetime.datetime(2020, 12, 1, 19, 32, 11, 485897),
 'item_scraped_count': 2,
 'log_count/DEBUG': 3,
 'log_count/INFO': 7,
 'response_received_count': 1,
 'scheduler/dequeued': 1,
 'scheduler/dequeued/memory': 1,
 'scheduler/enqueued': 1,
 'scheduler/enqueued/memory': 1,
 'start_time': datetime.datetime(2020, 12, 1, 19, 32, 10, 996694)}
2020-12-01 12:32:11 [scrapy] INFO: Spider closed (finished)
