2020-11-30 11:36:37 [scrapy] DEBUG: Crawled (200) <GET https://thatsthem.com/email/readingyourwords@gmail.com> (referer: None)
2020-11-30 11:36:37 [scrapy] ERROR: Spider must return request, item, or None, got 'bytes' in <GET https://thatsthem.com/email/readingyourwords@gmail.com>
2020-11-30 11:36:37 [scrapy] INFO: Closing spider (finished)
2020-11-30 11:36:37 [scrapy] INFO: Dumping Scrapy stats:
{'downloader/request_bytes': 320,
 'downloader/request_count': 1,
 'downloader/request_method_count/GET': 1,
 'downloader/response_bytes': 4025,
 'downloader/response_count': 1,
 'downloader/response_status_count/200': 1,
 'elapsed_time_seconds': 0.346087,
 'finish_reason': 'finished',
 'finish_time': datetime.datetime(2020, 11, 30, 19, 36, 37, 147924),
 'log_count/DEBUG': 1,
 'log_count/ERROR': 1,
 'log_count/INFO': 7,
 'response_received_count': 1,
 'scheduler/dequeued': 1,
 'scheduler/dequeued/memory': 1,
 'scheduler/enqueued': 1,
 'scheduler/enqueued/memory': 1,
 'start_time': datetime.datetime(2020, 11, 30, 19, 36, 36, 801837)}
2020-11-30 11:36:37 [scrapy] INFO: Spider closed (finished)
