2020-11-30 11:21:21 [scrapy] DEBUG: Crawled (200) <GET https://thatsthem.com/email/0----9@yandex.ru> (referer: None)
2020-11-30 11:21:21 [scrapy] ERROR: Spider must return request, item, or None, got 'bytes' in <GET https://thatsthem.com/email/0----9@yandex.ru>
2020-11-30 11:21:21 [scrapy] INFO: Closing spider (finished)
2020-11-30 11:21:21 [scrapy] INFO: Dumping Scrapy stats:
{'downloader/request_bytes': 310,
 'downloader/request_count': 1,
 'downloader/request_method_count/GET': 1,
 'downloader/response_bytes': 3907,
 'downloader/response_count': 1,
 'downloader/response_status_count/200': 1,
 'elapsed_time_seconds': 0.332097,
 'finish_reason': 'finished',
 'finish_time': datetime.datetime(2020, 11, 30, 19, 21, 21, 263679),
 'log_count/DEBUG': 1,
 'log_count/ERROR': 1,
 'log_count/INFO': 7,
 'response_received_count': 1,
 'scheduler/dequeued': 1,
 'scheduler/dequeued/memory': 1,
 'scheduler/enqueued': 1,
 'scheduler/enqueued/memory': 1,
 'start_time': datetime.datetime(2020, 11, 30, 19, 21, 20, 931582)}
2020-11-30 11:21:21 [scrapy] INFO: Spider closed (finished)
