2021-03-19 12:32:13 [scrapy] DEBUG: Crawled (404) <GET https://thatsthem.com/email/04,07,10@yahoo.com> (referer: None)
2021-03-19 12:32:13 [scrapy] INFO: Ignoring response <404 https://thatsthem.com/email/04,07,10@yahoo.com>: HTTP status code is not handled or not allowed
2021-03-19 12:32:13 [scrapy] INFO: Closing spider (finished)
2021-03-19 12:32:13 [scrapy] INFO: Dumping Scrapy stats:
{'downloader/request_bytes': 312,
 'downloader/request_count': 1,
 'downloader/request_method_count/GET': 1,
 'downloader/response_bytes': 2740,
 'downloader/response_count': 1,
 'downloader/response_status_count/404': 1,
 'elapsed_time_seconds': 0.318537,
 'finish_reason': 'finished',
 'finish_time': datetime.datetime(2021, 3, 19, 19, 32, 13, 471020),
 'httperror/response_ignored_count': 1,
 'httperror/response_ignored_status_count/404': 1,
 'log_count/DEBUG': 1,
 'log_count/INFO': 8,
 'response_received_count': 1,
 'scheduler/dequeued': 1,
 'scheduler/dequeued/memory': 1,
 'scheduler/enqueued': 1,
 'scheduler/enqueued/memory': 1,
 'start_time': datetime.datetime(2021, 3, 19, 19, 32, 13, 152483)}
2021-03-19 12:32:13 [scrapy] INFO: Spider closed (finished)
