2020-12-04 07:53:54 [scrapy] DEBUG: Crawled (200) <GET https://thatsthem.com/email/readingyourwords@gmail.com> (referer: None)
2020-12-04 07:53:54 [scrapy] DEBUG: Scraped from <200 https://thatsthem.com/email/readingyourwords@gmail.com>
{'name': 'Maria Allocco', 'birthday': 'none', 'currentTown': 'none', 'address': '1775-41st-Ave-San-Francisco-CA-94122', 'gender': 'none', 'relationshipStatus': 'none', 'phoneNum': '847-927-3753', 'zip': '1775-41st-Ave-San-Francisco-CA-94122', 'hometown': '1775-41st-Ave-San-Francisco-CA-94122', 'jobDetails': 'none', 'interests': 'none', 'religiousViews': 'none', 'politicalViews': 'none'}
2020-12-04 07:53:54 [scrapy] INFO: Closing spider (finished)
2020-12-04 07:53:54 [scrapy] INFO: Dumping Scrapy stats:
{'downloader/request_bytes': 320,
 'downloader/request_count': 1,
 'downloader/request_method_count/GET': 1,
 'downloader/response_bytes': 4395,
 'downloader/response_count': 1,
 'downloader/response_status_count/200': 1,
 'elapsed_time_seconds': 0.491327,
 'finish_reason': 'finished',
 'finish_time': datetime.datetime(2020, 12, 4, 14, 53, 54, 325960),
 'item_scraped_count': 1,
 'log_count/DEBUG': 2,
 'log_count/INFO': 7,
 'response_received_count': 1,
 'scheduler/dequeued': 1,
 'scheduler/dequeued/memory': 1,
 'scheduler/enqueued': 1,
 'scheduler/enqueued/memory': 1,
 'start_time': datetime.datetime(2020, 12, 4, 14, 53, 53, 834633)}
2020-12-04 07:53:54 [scrapy] INFO: Spider closed (finished)
