2020-12-03 22:57:13 [scrapy] DEBUG: Crawled (200) <GET https://thatsthem.com/email/m.mullins1234@yahoo.com> (referer: None)
2020-12-03 22:57:14 [scrapy] DEBUG: Scraped from <200 https://thatsthem.com/email/m.mullins1234@yahoo.com>
{'name': 'Michelle Mullins', 'birthday': '35-44', 'currentTown': 'none', 'address': '5028-Potomac-Dr-Milton-FL-32571', 'gender': 'none', 'relationshipStatus': 'none', 'phoneNum': '850-910-4463850-327-6189', 'zip': '5028-Potomac-Dr-Milton-FL-32571', 'hometown': '5028-Potomac-Dr-Milton-FL-32571', 'jobDetails': 'none', 'interests': 'none', 'religiousViews': 'none', 'politicalViews': 'none'}
2020-12-03 22:57:14 [scrapy] INFO: Closing spider (finished)
2020-12-03 22:57:14 [scrapy] INFO: Dumping Scrapy stats:
{'downloader/request_bytes': 317,
 'downloader/request_count': 1,
 'downloader/request_method_count/GET': 1,
 'downloader/response_bytes': 4134,
 'downloader/response_count': 1,
 'downloader/response_status_count/200': 1,
 'elapsed_time_seconds': 0.398019,
 'finish_reason': 'finished',
 'finish_time': datetime.datetime(2020, 12, 4, 5, 57, 14, 111218),
 'item_scraped_count': 1,
 'log_count/DEBUG': 2,
 'log_count/INFO': 7,
 'response_received_count': 1,
 'scheduler/dequeued': 1,
 'scheduler/dequeued/memory': 1,
 'scheduler/enqueued': 1,
 'scheduler/enqueued/memory': 1,
 'start_time': datetime.datetime(2020, 12, 4, 5, 57, 13, 713199)}
2020-12-03 22:57:14 [scrapy] INFO: Spider closed (finished)
