2020-11-30 12:41:07 [scrapy] DEBUG: Crawled (200) <GET https://thatsthem.com/email/readingyourwords@gmail.com> (referer: None)
2020-11-30 12:41:07 [scrapy] ERROR: Spider error processing <GET https://thatsthem.com/email/readingyourwords@gmail.com> (referer: None)
Traceback (most recent call last):
  File "c:\users\ajula\desktop\pii-portal-master\env\lib\site-packages\scrapy\utils\defer.py", line 120, in iter_errback
    yield next(it)
  File "c:\users\ajula\desktop\pii-portal-master\env\lib\site-packages\scrapy\utils\python.py", line 353, in __next__
    return next(self.data)
  File "c:\users\ajula\desktop\pii-portal-master\env\lib\site-packages\scrapy\utils\python.py", line 353, in __next__
    return next(self.data)
  File "c:\users\ajula\desktop\pii-portal-master\env\lib\site-packages\scrapy\core\spidermw.py", line 62, in _evaluate_iterable
    for r in iterable:
  File "c:\users\ajula\desktop\pii-portal-master\env\lib\site-packages\scrapy\spidermiddlewares\offsite.py", line 29, in process_spider_output
    for x in result:
  File "c:\users\ajula\desktop\pii-portal-master\env\lib\site-packages\scrapy\core\spidermw.py", line 62, in _evaluate_iterable
    for r in iterable:
  File "c:\users\ajula\desktop\pii-portal-master\env\lib\site-packages\scrapy\spidermiddlewares\referer.py", line 340, in <genexpr>
    return (_set_referer(r) for r in result or ())
  File "c:\users\ajula\desktop\pii-portal-master\env\lib\site-packages\scrapy\core\spidermw.py", line 62, in _evaluate_iterable
    for r in iterable:
  File "c:\users\ajula\desktop\pii-portal-master\env\lib\site-packages\scrapy\spidermiddlewares\urllength.py", line 37, in <genexpr>
    return (r for r in result or () if _filter(r))
  File "c:\users\ajula\desktop\pii-portal-master\env\lib\site-packages\scrapy\core\spidermw.py", line 62, in _evaluate_iterable
    for r in iterable:
  File "c:\users\ajula\desktop\pii-portal-master\env\lib\site-packages\scrapy\spidermiddlewares\depth.py", line 58, in <genexpr>
    return (r for r in result or () if _filter(r))
  File "c:\users\ajula\desktop\pii-portal-master\env\lib\site-packages\scrapy\core\spidermw.py", line 62, in _evaluate_iterable
    for r in iterable:
  File "C:\Users\ajula\desktop\pii-portal-old\portalbackend\crawler\crawler\spiders\mydomain.py", line 63, in parse
    data_structure[email_id][full_names].append(gender)
KeyError: 'readingyourwords@gmail.com'
2020-11-30 12:41:07 [scrapy] INFO: Closing spider (finished)
2020-11-30 12:41:07 [scrapy] INFO: Dumping Scrapy stats:
{'downloader/request_bytes': 320,
 'downloader/request_count': 1,
 'downloader/request_method_count/GET': 1,
 'downloader/response_bytes': 4026,
 'downloader/response_count': 1,
 'downloader/response_status_count/200': 1,
 'elapsed_time_seconds': 0.316243,
 'finish_reason': 'finished',
 'finish_time': datetime.datetime(2020, 11, 30, 20, 41, 7, 573126),
 'log_count/DEBUG': 1,
 'log_count/ERROR': 1,
 'log_count/INFO': 7,
 'response_received_count': 1,
 'scheduler/dequeued': 1,
 'scheduler/dequeued/memory': 1,
 'scheduler/enqueued': 1,
 'scheduler/enqueued/memory': 1,
 'spider_exceptions/KeyError': 1,
 'start_time': datetime.datetime(2020, 11, 30, 20, 41, 7, 256883)}
2020-11-30 12:41:07 [scrapy] INFO: Spider closed (finished)
