2020-12-03 13:49:38 [scrapy] DEBUG: Crawled (200) <GET https://thatsthem.com/email/mike.pesce@aol.com> (referer: None)
2020-12-03 13:49:38 [scrapy] INFO: Closing spider (finished)
2020-12-03 13:49:38 [scrapy] INFO: Dumping Scrapy stats:
{'downloader/request_bytes': 312,
 'downloader/request_count': 1,
 'downloader/request_method_count/GET': 1,
 'downloader/response_bytes': 3880,
 'downloader/response_count': 1,
 'downloader/response_status_count/200': 1,
 'elapsed_time_seconds': 1.210245,
 'finish_reason': 'finished',
 'finish_time': datetime.datetime(2020, 12, 3, 20, 49, 38, 885279),
 'log_count/DEBUG': 1,
 'log_count/INFO': 7,
 'response_received_count': 1,
 'scheduler/dequeued': 1,
 'scheduler/dequeued/memory': 1,
 'scheduler/enqueued': 1,
 'scheduler/enqueued/memory': 1,
 'start_time': datetime.datetime(2020, 12, 3, 20, 49, 37, 675034)}
2020-12-03 13:49:38 [scrapy] INFO: Spider closed (finished)
