2020-12-01 12:12:06 [scrapy] DEBUG: Crawled (200) <GET https://thatsthem.com/email/avidgamer1@yahoo.com> (referer: None)
2020-12-01 12:12:06 [scrapy] DEBUG: Scraped from <200 https://thatsthem.com/email/avidgamer1@yahoo.com>
{'name': 'Barbara Louise Wilson', 'birthday': '18-24', 'currentTown': 'none', 'address': '6061-Lapeer-Rd-Kimball-MI-48074', 'gender': 'none', 'relationshipStatus': 'none', 'phoneNum': '810-516-3542562-313-5736206-226-6252', 'zip': '6061-Lapeer-Rd-Kimball-MI-48074', 'hometown': '6061-Lapeer-Rd-Kimball-MI-48074', 'jobDetails': 'none', 'interests': 'none', 'religiousViews': 'none', 'politicalViews': 'none'}
2020-12-01 12:12:06 [scrapy] DEBUG: Scraped from <200 https://thatsthem.com/email/avidgamer1@yahoo.com>
{'name': 'Wilson', 'birthday': 'none', 'currentTown': 'none', 'address': '6061-La-Peer-Rd-Kimball-MI-48074', 'gender': 'none', 'relationshipStatus': 'none', 'phoneNum': '810-516-3542', 'zip': '6061-La-Peer-Rd-Kimball-MI-48074', 'hometown': '6061-La-Peer-Rd-Kimball-MI-48074', 'jobDetails': 'none', 'interests': 'none', 'religiousViews': 'none', 'politicalViews': 'none'}
2020-12-01 12:12:06 [scrapy] DEBUG: Scraped from <200 https://thatsthem.com/email/avidgamer1@yahoo.com>
{'name': 'Angelia Forrest', 'birthday': 'none', 'currentTown': 'none', 'address': '19985e-Vassar-Ave-Aurora-CO-80013', 'gender': 'none', 'relationshipStatus': 'none', 'phoneNum': '303-923-3630', 'zip': '19985e-Vassar-Ave-Aurora-CO-80013', 'hometown': '19985e-Vassar-Ave-Aurora-CO-80013', 'jobDetails': 'none', 'interests': 'none', 'religiousViews': 'none', 'politicalViews': 'none'}
2020-12-01 12:12:06 [scrapy] DEBUG: Scraped from <200 https://thatsthem.com/email/avidgamer1@yahoo.com>
{'name': 'Joan Wilson', 'birthday': 'none', 'currentTown': 'none', 'address': '1832-Player-Rd-Gretna-VA-24557', 'gender': 'none', 'relationshipStatus': 'none', 'phoneNum': '434-250-1325', 'zip': '1832-Player-Rd-Gretna-VA-24557', 'hometown': '1832-Player-Rd-Gretna-VA-24557', 'jobDetails': 'none', 'interests': 'none', 'religiousViews': 'none', 'politicalViews': 'none'}
2020-12-01 12:12:06 [scrapy] DEBUG: Scraped from <200 https://thatsthem.com/email/avidgamer1@yahoo.com>
{'name': 'Donald Shook', 'birthday': 'none', 'currentTown': 'none', 'address': '1244-Phillipsville-Loop-Canton-NC-28716', 'gender': 'none', 'relationshipStatus': 'none', 'phoneNum': '', 'zip': '1244-Phillipsville-Loop-Canton-NC-28716', 'hometown': '1244-Phillipsville-Loop-Canton-NC-28716', 'jobDetails': 'none', 'interests': 'none', 'religiousViews': 'none', 'politicalViews': 'none'}
2020-12-01 12:12:06 [scrapy] INFO: Closing spider (finished)
2020-12-01 12:12:06 [scrapy] INFO: Dumping Scrapy stats:
{'downloader/request_bytes': 314,
 'downloader/request_count': 1,
 'downloader/request_method_count/GET': 1,
 'downloader/response_bytes': 5313,
 'downloader/response_count': 1,
 'downloader/response_status_count/200': 1,
 'elapsed_time_seconds': 0.511986,
 'finish_reason': 'finished',
 'finish_time': datetime.datetime(2020, 12, 1, 19, 12, 6, 549338),
 'item_scraped_count': 5,
 'log_count/DEBUG': 6,
 'log_count/INFO': 7,
 'response_received_count': 1,
 'scheduler/dequeued': 1,
 'scheduler/dequeued/memory': 1,
 'scheduler/enqueued': 1,
 'scheduler/enqueued/memory': 1,
 'start_time': datetime.datetime(2020, 12, 1, 19, 12, 6, 37352)}
2020-12-01 12:12:06 [scrapy] INFO: Spider closed (finished)
