2020-11-29 02:06:25 [scrapy] DEBUG: Crawled (200) <GET https://thatsthem.com/email/readingyourwords@gmail.com> (referer: None)
2020-11-29 02:06:25 [scrapy] DEBUG: Scraped from <200 https://thatsthem.com/email/readingyourwords@gmail.com>
{'readingyourwords@gmail.com': {'Maria Allocco': ['N/A', '1775-41st-Ave-San-Francisco-CA-94122', 'N/A', '847-927-3753', 'N/A']}}
2020-11-29 02:06:25 [scrapy] INFO: Closing spider (finished)
2020-11-29 02:06:25 [scrapy] INFO: Dumping Scrapy stats:
{'downloader/request_bytes': 320,
 'downloader/request_count': 1,
 'downloader/request_method_count/GET': 1,
 'downloader/response_bytes': 4025,
 'downloader/response_count': 1,
 'downloader/response_status_count/200': 1,
 'elapsed_time_seconds': 0.520423,
 'finish_reason': 'finished',
 'finish_time': datetime.datetime(2020, 11, 29, 10, 6, 25, 847658),
 'item_scraped_count': 1,
 'log_count/DEBUG': 2,
 'log_count/INFO': 7,
 'response_received_count': 1,
 'scheduler/dequeued': 1,
 'scheduler/dequeued/memory': 1,
 'scheduler/enqueued': 1,
 'scheduler/enqueued/memory': 1,
 'start_time': datetime.datetime(2020, 11, 29, 10, 6, 25, 327235)}
2020-11-29 02:06:25 [scrapy] INFO: Spider closed (finished)
