2021-02-19 20:41:28 [scrapy] DEBUG: Crawled (200) <GET https://thatsthem.com/email/046yulia@mail.ru> (referer: None)
2021-02-19 20:41:28 [scrapy] INFO: Closing spider (finished)
2021-02-19 20:41:28 [scrapy] INFO: Dumping Scrapy stats:
{'downloader/request_bytes': 310,
 'downloader/request_count': 1,
 'downloader/request_method_count/GET': 1,
 'downloader/response_bytes': 4005,
 'downloader/response_count': 1,
 'downloader/response_status_count/200': 1,
 'elapsed_time_seconds': 0.621996,
 'finish_reason': 'finished',
 'finish_time': datetime.datetime(2021, 2, 20, 3, 41, 28, 321502),
 'log_count/DEBUG': 1,
 'log_count/INFO': 7,
 'response_received_count': 1,
 'scheduler/dequeued': 1,
 'scheduler/dequeued/memory': 1,
 'scheduler/enqueued': 1,
 'scheduler/enqueued/memory': 1,
 'start_time': datetime.datetime(2021, 2, 20, 3, 41, 27, 699506)}
2021-02-19 20:41:28 [scrapy] INFO: Spider closed (finished)
