2021-03-22 15:18:49 [scrapy] DEBUG: Crawled (200) <GET https://thatsthem.com/email/bigrashun@yahoo.com> (referer: None)
2021-03-22 15:18:49 [scrapy] INFO: Closing spider (finished)
2021-03-22 15:18:49 [scrapy] INFO: Dumping Scrapy stats:
{'downloader/request_bytes': 313,
 'downloader/request_count': 1,
 'downloader/request_method_count/GET': 1,
 'downloader/response_bytes': 4028,
 'downloader/response_count': 1,
 'downloader/response_status_count/200': 1,
 'elapsed_time_seconds': 0.566,
 'finish_reason': 'finished',
 'finish_time': datetime.datetime(2021, 3, 22, 22, 18, 49, 756011),
 'log_count/DEBUG': 1,
 'log_count/INFO': 7,
 'response_received_count': 1,
 'scheduler/dequeued': 1,
 'scheduler/dequeued/memory': 1,
 'scheduler/enqueued': 1,
 'scheduler/enqueued/memory': 1,
 'start_time': datetime.datetime(2021, 3, 22, 22, 18, 49, 190011)}
2021-03-22 15:18:49 [scrapy] INFO: Spider closed (finished)
